2023-07-02 18:32:04.522 | ERROR    | app.database.crud:get_by_date_db:99 - 5 Error getting file data by date
2023-07-02 20:35:20.967 | ERROR    | app.main:data_for_drawing_maps:109 - 5 Incorrect number of elements in the color range
2023-07-02 20:35:36.368 | ERROR    | app.main:data_for_drawing_maps:109 - 5 Incorrect number of elements in the color range
2023-07-02 22:24:56.372 | ERROR    | app.main:draw_distance_time:342 - 2 There is no such line style
2023-07-02 23:05:47.218 | ERROR    | app.database.crud:get_data_about_file:162 - 2 This file has not been uploaded
2023-07-02 23:05:47.223 | ERROR    | app.main:data_for_distance_time:162 - 2 This file has not been uploaded
2023-07-02 23:05:55.176 | ERROR    | app.main:data_for_distance_time:168 - 2 This direction does not exist
2023-07-02 23:06:08.528 | ERROR    | app.main:data_for_distance_time:172 - 2 Incorrect number of elements in the color range
2023-07-02 23:06:18.317 | ERROR    | app.main:draw_distance_time:339 - 2 You need the same number of elements in velocity, start and style
2023-07-02 23:06:30.907 | ERROR    | app.main:draw_distance_time:339 - 2 You need the same number of elements in velocity, start and style
2023-07-02 23:06:51.789 | ERROR    | app.main:draw_distance_time:344 - 2 There is no such line style
2023-07-02 23:55:21.582 | ERROR    | app.main:data_for_drawing_maps:100 - 2 These files must contain different data about the epicenter
2023-07-03 00:03:44.793 | ERROR    | app.main:checking_ranges:132 - 1 The number of elements in the color scale is not equal to two
2023-07-03 00:03:46.307 | ERROR    | app.database.crud:get_data_about_file:162 - 1 This file has not been uploaded
2023-07-03 00:03:46.308 | ERROR    | app.main:data_for_drawing_maps:87 - 1 This file has not been uploaded
2023-07-03 00:03:46.318 | ERROR    | app.main:data_for_drawing_maps:90 - 1 These files are of the same type
2023-07-03 00:03:46.326 | ERROR    | app.main:data_for_drawing_maps:100 - 1 These files must contain different data about the epicenter
2023-07-03 00:03:46.335 | ERROR    | app.main:data_for_drawing_maps:111 - 1 Incorrect number of elements in the color range
2023-07-03 00:03:48.623 | ERROR    | app.main:draw_map:307 - 1 The number of dates is incorrect
2023-07-03 00:04:17.473 | ERROR    | app.main:checking_ranges:132 - 1 The number of elements in the color scale is not equal to two
2023-07-03 00:04:19.653 | ERROR    | app.database.crud:get_data_about_file:162 - 1 This file has not been uploaded
2023-07-03 00:04:19.653 | ERROR    | app.main:data_for_drawing_maps:87 - 1 This file has not been uploaded
2023-07-03 00:04:19.665 | ERROR    | app.main:data_for_drawing_maps:90 - 1 These files are of the same type
2023-07-03 00:04:19.677 | ERROR    | app.main:data_for_drawing_maps:100 - 1 These files must contain different data about the epicenter
2023-07-03 00:04:19.690 | ERROR    | app.main:data_for_drawing_maps:111 - 1 Incorrect number of elements in the color range
2023-07-03 00:04:22.542 | ERROR    | app.main:draw_map:307 - 1 The number of dates is incorrect
2023-07-03 02:03:58.394 | ERROR    | app.main:checking_ranges:132 - 1 The number of elements in the color scale is not equal to two
2023-07-03 02:03:59.796 | ERROR    | app.database.crud:get_data_about_file:162 - 1 This file has not been uploaded
2023-07-03 02:03:59.796 | ERROR    | app.main:data_for_drawing_maps:87 - 1 This file has not been uploaded
2023-07-03 02:03:59.806 | ERROR    | app.main:data_for_drawing_maps:90 - 1 These files are of the same type
2023-07-03 02:03:59.815 | ERROR    | app.main:data_for_drawing_maps:100 - 1 These files must contain different data about the epicenter
2023-07-03 02:03:59.825 | ERROR    | app.main:data_for_drawing_maps:111 - 1 Incorrect number of elements in the color range
2023-07-03 02:04:01.516 | ERROR    | app.main:draw_map:307 - 1 The number of dates is incorrect
2023-07-03 02:04:44.808 | ERROR    | app.main:checking_ranges:132 - 1 The number of elements in the color scale is not equal to two
2023-07-03 02:04:46.745 | ERROR    | app.database.crud:get_data_about_file:162 - 1 This file has not been uploaded
2023-07-03 02:04:46.746 | ERROR    | app.main:data_for_drawing_maps:87 - 1 This file has not been uploaded
2023-07-03 02:04:46.760 | ERROR    | app.main:data_for_drawing_maps:90 - 1 These files are of the same type
2023-07-03 02:04:46.772 | ERROR    | app.main:data_for_drawing_maps:100 - 1 These files must contain different data about the epicenter
2023-07-03 02:04:46.785 | ERROR    | app.main:data_for_drawing_maps:111 - 1 Incorrect number of elements in the color range
2023-07-03 02:04:49.340 | ERROR    | app.main:draw_map:307 - 1 The number of dates is incorrect
2023-07-03 02:07:54.640 | ERROR    | app.main:checking_ranges:132 - 1 The number of elements in the color scale is not equal to two
2023-07-03 02:07:56.368 | ERROR    | app.database.crud:get_data_about_file:162 - 1 This file has not been uploaded
2023-07-03 02:07:56.368 | ERROR    | app.main:data_for_drawing_maps:87 - 1 This file has not been uploaded
2023-07-03 02:07:56.380 | ERROR    | app.main:data_for_drawing_maps:90 - 1 These files are of the same type
2023-07-03 02:07:56.390 | ERROR    | app.main:data_for_drawing_maps:100 - 1 These files must contain different data about the epicenter
2023-07-03 02:07:56.402 | ERROR    | app.main:data_for_drawing_maps:111 - 1 Incorrect number of elements in the color range
2023-07-03 02:07:58.636 | ERROR    | app.main:draw_map:307 - 1 The number of dates is incorrect
2023-07-03 02:09:59.613 | ERROR    | app.main:checking_ranges:132 - 1 The number of elements in the color scale is not equal to two
2023-07-03 02:10:01.308 | ERROR    | app.database.crud:get_data_about_file:162 - 1 This file has not been uploaded
2023-07-03 02:10:01.308 | ERROR    | app.main:data_for_drawing_maps:87 - 1 This file has not been uploaded
2023-07-03 02:10:01.319 | ERROR    | app.main:data_for_drawing_maps:90 - 1 These files are of the same type
2023-07-03 02:10:01.331 | ERROR    | app.main:data_for_drawing_maps:100 - 1 These files must contain different data about the epicenter
2023-07-03 02:10:01.344 | ERROR    | app.main:data_for_drawing_maps:111 - 1 Incorrect number of elements in the color range
2023-07-03 02:10:03.541 | ERROR    | app.main:draw_map:307 - 1 The number of dates is incorrect
2023-07-03 02:10:36.500 | ERROR    | app.main:checking_ranges:132 - 1 The number of elements in the color scale is not equal to two
2023-07-03 02:10:38.207 | ERROR    | app.database.crud:get_data_about_file:162 - 1 This file has not been uploaded
2023-07-03 02:10:38.208 | ERROR    | app.main:data_for_drawing_maps:87 - 1 This file has not been uploaded
2023-07-03 02:10:38.220 | ERROR    | app.main:data_for_drawing_maps:90 - 1 These files are of the same type
2023-07-03 02:10:38.231 | ERROR    | app.main:data_for_drawing_maps:100 - 1 These files must contain different data about the epicenter
2023-07-03 02:10:38.243 | ERROR    | app.main:data_for_drawing_maps:111 - 1 Incorrect number of elements in the color range
2023-07-03 02:10:40.450 | ERROR    | app.main:draw_map:307 - 1 The number of dates is incorrect
2023-07-03 02:12:21.602 | ERROR    | app.main:checking_ranges:132 - 1 The number of elements in the color scale is not equal to two
2023-07-03 02:12:23.302 | ERROR    | app.database.crud:get_data_about_file:162 - 1 This file has not been uploaded
2023-07-03 02:12:23.302 | ERROR    | app.main:data_for_drawing_maps:87 - 1 This file has not been uploaded
2023-07-03 02:12:23.314 | ERROR    | app.main:data_for_drawing_maps:90 - 1 These files are of the same type
2023-07-03 02:12:23.324 | ERROR    | app.main:data_for_drawing_maps:100 - 1 These files must contain different data about the epicenter
2023-07-03 02:12:23.337 | ERROR    | app.main:data_for_drawing_maps:111 - 1 Incorrect number of elements in the color range
2023-07-03 02:12:25.537 | ERROR    | app.main:draw_map:307 - 1 The number of dates is incorrect
2023-07-03 02:14:10.943 | ERROR    | app.main:checking_ranges:132 - 1 The number of elements in the color scale is not equal to two
2023-07-03 02:14:12.662 | ERROR    | app.database.crud:get_data_about_file:162 - 1 This file has not been uploaded
2023-07-03 02:14:12.662 | ERROR    | app.main:data_for_drawing_maps:87 - 1 This file has not been uploaded
2023-07-03 02:14:12.673 | ERROR    | app.main:data_for_drawing_maps:90 - 1 These files are of the same type
2023-07-03 02:14:12.684 | ERROR    | app.main:data_for_drawing_maps:100 - 1 These files must contain different data about the epicenter
2023-07-03 02:14:12.697 | ERROR    | app.main:data_for_drawing_maps:111 - 1 Incorrect number of elements in the color range
2023-07-03 02:14:14.859 | ERROR    | app.main:draw_map:307 - 1 The number of dates is incorrect
2023-07-03 02:17:15.793 | ERROR    | app.main:checking_ranges:132 - 1 The number of elements in the color scale is not equal to two
2023-07-03 02:17:17.538 | ERROR    | app.database.crud:get_data_about_file:162 - 1 This file has not been uploaded
2023-07-03 02:17:17.538 | ERROR    | app.main:data_for_drawing_maps:87 - 1 This file has not been uploaded
2023-07-03 02:17:17.550 | ERROR    | app.main:data_for_drawing_maps:90 - 1 These files are of the same type
2023-07-03 02:17:17.561 | ERROR    | app.main:data_for_drawing_maps:100 - 1 These files must contain different data about the epicenter
2023-07-03 02:17:17.573 | ERROR    | app.main:data_for_drawing_maps:111 - 1 Incorrect number of elements in the color range
2023-07-03 02:17:19.819 | ERROR    | app.main:draw_map:307 - 1 The number of dates is incorrect
2023-07-03 02:17:34.391 | ERROR    | app.main:draw_distance_time:339 - 1 You need the same number of elements in velocity, start and style
2023-07-03 02:18:32.765 | ERROR    | app.main:checking_ranges:132 - 1 The number of elements in the color scale is not equal to two
2023-07-03 02:18:34.515 | ERROR    | app.database.crud:get_data_about_file:162 - 1 This file has not been uploaded
2023-07-03 02:18:34.516 | ERROR    | app.main:data_for_drawing_maps:87 - 1 This file has not been uploaded
2023-07-03 02:18:34.527 | ERROR    | app.main:data_for_drawing_maps:90 - 1 These files are of the same type
2023-07-03 02:18:34.539 | ERROR    | app.main:data_for_drawing_maps:100 - 1 These files must contain different data about the epicenter
2023-07-03 02:18:34.552 | ERROR    | app.main:data_for_drawing_maps:111 - 1 Incorrect number of elements in the color range
2023-07-03 02:18:36.787 | ERROR    | app.main:draw_map:307 - 1 The number of dates is incorrect
2023-07-03 02:18:51.620 | ERROR    | app.main:draw_distance_time:339 - 1 You need the same number of elements in velocity, start and style
2023-07-03 02:21:21.757 | ERROR    | app.main:checking_ranges:132 - 1 The number of elements in the color scale is not equal to two
2023-07-03 02:21:23.578 | ERROR    | app.database.crud:get_data_about_file:162 - 1 This file has not been uploaded
2023-07-03 02:21:23.578 | ERROR    | app.main:data_for_drawing_maps:87 - 1 This file has not been uploaded
2023-07-03 02:21:23.589 | ERROR    | app.main:data_for_drawing_maps:90 - 1 These files are of the same type
2023-07-03 02:21:23.601 | ERROR    | app.main:data_for_drawing_maps:100 - 1 These files must contain different data about the epicenter
2023-07-03 02:21:23.614 | ERROR    | app.main:data_for_drawing_maps:111 - 1 Incorrect number of elements in the color range
2023-07-03 02:21:25.796 | ERROR    | app.main:draw_map:307 - 1 The number of dates is incorrect
2023-07-03 02:21:25.817 | ERROR    | app.main:draw_distance_time:339 - 1 You need the same number of elements in velocity, start and style
2023-07-03 02:21:40.491 | ERROR    | app.main:draw_distance_time:344 - 1 There is no such line style
2023-07-03 02:25:11.281 | ERROR    | app.main:checking_ranges:132 - 1 The number of elements in the color scale is not equal to two
2023-07-03 02:25:13.007 | ERROR    | app.database.crud:get_data_about_file:162 - 1 This file has not been uploaded
2023-07-03 02:25:13.007 | ERROR    | app.main:data_for_drawing_maps:87 - 1 This file has not been uploaded
2023-07-03 02:25:13.020 | ERROR    | app.main:data_for_drawing_maps:90 - 1 These files are of the same type
2023-07-03 02:25:13.030 | ERROR    | app.main:data_for_drawing_maps:100 - 1 These files must contain different data about the epicenter
2023-07-03 02:25:13.043 | ERROR    | app.main:data_for_drawing_maps:111 - 1 Incorrect number of elements in the color range
2023-07-03 02:25:15.238 | ERROR    | app.main:draw_map:307 - 1 The number of dates is incorrect
2023-07-03 02:25:15.252 | ERROR    | app.main:draw_distance_time:339 - 1 You need the same number of elements in velocity, start and style
2023-07-03 02:25:29.742 | ERROR    | app.main:draw_distance_time:344 - 1 There is no such line style
2023-07-03 02:26:46.277 | ERROR    | app.main:checking_ranges:132 - 1 The number of elements in the color scale is not equal to two
2023-07-03 02:26:47.997 | ERROR    | app.database.crud:get_data_about_file:162 - 1 This file has not been uploaded
2023-07-03 02:26:47.998 | ERROR    | app.main:data_for_drawing_maps:87 - 1 This file has not been uploaded
2023-07-03 02:26:48.010 | ERROR    | app.main:data_for_drawing_maps:90 - 1 These files are of the same type
2023-07-03 02:26:48.021 | ERROR    | app.main:data_for_drawing_maps:100 - 1 These files must contain different data about the epicenter
2023-07-03 02:26:48.034 | ERROR    | app.main:data_for_drawing_maps:111 - 1 Incorrect number of elements in the color range
2023-07-03 02:26:50.225 | ERROR    | app.main:draw_map:307 - 1 The number of dates is incorrect
2023-07-03 02:26:50.240 | ERROR    | app.main:draw_distance_time:339 - 1 You need the same number of elements in velocity, start and style
2023-07-03 02:27:04.844 | ERROR    | app.main:draw_distance_time:344 - 1 There is no such line style
2023-07-03 02:28:21.028 | ERROR    | app.main:checking_ranges:132 - 1 The number of elements in the color scale is not equal to two
2023-07-03 02:28:22.725 | ERROR    | app.database.crud:get_data_about_file:162 - 1 This file has not been uploaded
2023-07-03 02:28:22.725 | ERROR    | app.main:data_for_drawing_maps:87 - 1 This file has not been uploaded
2023-07-03 02:28:22.739 | ERROR    | app.main:data_for_drawing_maps:90 - 1 These files are of the same type
2023-07-03 02:28:22.751 | ERROR    | app.main:data_for_drawing_maps:100 - 1 These files must contain different data about the epicenter
2023-07-03 02:28:22.764 | ERROR    | app.main:data_for_drawing_maps:111 - 1 Incorrect number of elements in the color range
2023-07-03 02:28:24.950 | ERROR    | app.main:draw_map:307 - 1 The number of dates is incorrect
2023-07-03 02:28:24.964 | ERROR    | app.main:draw_distance_time:339 - 1 You need the same number of elements in velocity, start and style
2023-07-03 02:28:39.822 | ERROR    | app.main:draw_distance_time:344 - 1 There is no such line style
2023-07-03 02:31:39.039 | ERROR    | app.database.crud:get_by_date_db:99 - 1 Error getting file data by date
2023-07-03 02:31:39.065 | ERROR    | app.database.crud:get_data_about_file:162 - 1 This file has not been uploaded
2023-07-03 02:31:39.065 | ERROR    | app.main:data_for_drawing_maps:87 - 1 This file has not been uploaded
2023-07-03 02:31:39.090 | ERROR    | app.main:draw_distance_time:339 - 1 You need the same number of elements in velocity, start and style
2023-07-03 02:31:39.101 | ERROR    | app.database.crud:get_data_about_file:162 - 1 This file has not been uploaded
2023-07-03 02:31:39.102 | ERROR    | app.main:data_for_distance_time:162 - 1 This file has not been uploaded
2023-07-03 02:31:39.150 | ERROR    | app.database.crud:get_data_about_file:162 - 1 This file has not been uploaded
2023-07-03 02:31:39.152 | ERROR    | app.main:draw_support_plot:377 - 1 This file has not been uploaded
2023-07-03 02:31:39.181 | ERROR    | app.database.crud:get_by_date_db:99 - 1 Error getting file data by date
2023-07-03 02:34:12.331 | ERROR    | app.database.crud:get_by_date_db:99 - 1 Error getting file data by date
2023-07-03 02:34:12.358 | ERROR    | app.database.crud:get_data_about_file:162 - 1 This file has not been uploaded
2023-07-03 02:34:12.359 | ERROR    | app.main:data_for_drawing_maps:87 - 1 This file has not been uploaded
2023-07-03 02:34:12.387 | ERROR    | app.main:draw_distance_time:339 - 1 You need the same number of elements in velocity, start and style
2023-07-03 02:34:12.398 | ERROR    | app.database.crud:get_data_about_file:162 - 1 This file has not been uploaded
2023-07-03 02:34:12.400 | ERROR    | app.main:data_for_distance_time:162 - 1 This file has not been uploaded
2023-07-03 02:34:12.426 | ERROR    | app.database.crud:get_data_about_file:162 - 1 This file has not been uploaded
2023-07-03 02:34:12.428 | ERROR    | app.main:draw_support_plot:377 - 1 This file has not been uploaded
2023-07-03 02:34:12.455 | ERROR    | app.database.crud:get_by_date_db:99 - 1 Error getting file data by date
2023-07-03 02:35:56.805 | ERROR    | app.main:checking_ranges:132 - 1 The number of elements in the color scale is not equal to two
2023-07-03 02:35:58.925 | ERROR    | app.database.crud:get_data_about_file:162 - 1 This file has not been uploaded
2023-07-03 02:35:58.926 | ERROR    | app.main:data_for_drawing_maps:87 - 1 This file has not been uploaded
2023-07-03 02:35:58.940 | ERROR    | app.main:data_for_drawing_maps:90 - 1 These files are of the same type
2023-07-03 02:35:58.953 | ERROR    | app.main:data_for_drawing_maps:100 - 1 These files must contain different data about the epicenter
2023-07-03 02:35:58.967 | ERROR    | app.main:data_for_drawing_maps:111 - 1 Incorrect number of elements in the color range
2023-07-03 02:36:01.290 | ERROR    | app.main:draw_map:307 - 1 The number of dates is incorrect
2023-07-03 02:36:01.304 | ERROR    | app.main:draw_distance_time:339 - 1 You need the same number of elements in velocity, start and style
2023-07-03 02:36:01.317 | ERROR    | app.database.crud:get_data_about_file:162 - 1 This file has not been uploaded
2023-07-03 02:36:01.318 | ERROR    | app.main:data_for_distance_time:162 - 1 This file has not been uploaded
2023-07-03 02:41:31.737 | ERROR    | app.main:checking_ranges:132 - 1 The number of elements in the color scale is not equal to two
2023-07-03 02:41:34.074 | ERROR    | app.database.crud:get_data_about_file:162 - 1 This file has not been uploaded
2023-07-03 02:41:34.076 | ERROR    | app.main:data_for_drawing_maps:87 - 1 This file has not been uploaded
2023-07-03 02:41:34.092 | ERROR    | app.main:data_for_drawing_maps:90 - 1 These files are of the same type
2023-07-03 02:41:34.108 | ERROR    | app.main:data_for_drawing_maps:100 - 1 These files must contain different data about the epicenter
2023-07-03 02:41:34.126 | ERROR    | app.main:data_for_drawing_maps:111 - 1 Incorrect number of elements in the color range
2023-07-03 02:41:36.597 | ERROR    | app.main:draw_map:307 - 1 The number of dates is incorrect
2023-07-03 02:41:36.628 | ERROR    | app.main:draw_distance_time:339 - 1 You need the same number of elements in velocity, start and style
2023-07-03 02:41:52.340 | ERROR    | app.main:draw_distance_time:344 - 1 There is no such line style
2023-07-03 02:43:09.871 | ERROR    | app.main:checking_ranges:132 - 1 The number of elements in the color scale is not equal to two
2023-07-03 02:43:11.693 | ERROR    | app.database.crud:get_data_about_file:162 - 1 This file has not been uploaded
2023-07-03 02:43:11.695 | ERROR    | app.main:data_for_drawing_maps:87 - 1 This file has not been uploaded
2023-07-03 02:43:11.709 | ERROR    | app.main:data_for_drawing_maps:90 - 1 These files are of the same type
2023-07-03 02:43:11.722 | ERROR    | app.main:data_for_drawing_maps:100 - 1 These files must contain different data about the epicenter
2023-07-03 02:43:11.736 | ERROR    | app.main:data_for_drawing_maps:111 - 1 Incorrect number of elements in the color range
2023-07-03 02:43:14.061 | ERROR    | app.main:draw_map:307 - 1 The number of dates is incorrect
2023-07-03 02:43:14.079 | ERROR    | app.main:draw_distance_time:339 - 1 You need the same number of elements in velocity, start and style
2023-07-03 02:43:30.100 | ERROR    | app.main:draw_distance_time:344 - 1 There is no such line style
2023-07-03 02:47:13.622 | ERROR    | app.main:checking_ranges:132 - 1 The number of elements in the color scale is not equal to two
2023-07-03 02:47:15.354 | ERROR    | app.database.crud:get_data_about_file:162 - 1 This file has not been uploaded
2023-07-03 02:47:15.355 | ERROR    | app.main:data_for_drawing_maps:87 - 1 This file has not been uploaded
2023-07-03 02:47:15.370 | ERROR    | app.main:data_for_drawing_maps:90 - 1 These files are of the same type
2023-07-03 02:47:15.386 | ERROR    | app.main:data_for_drawing_maps:100 - 1 These files must contain different data about the epicenter
2023-07-03 02:47:15.403 | ERROR    | app.main:data_for_drawing_maps:111 - 1 Incorrect number of elements in the color range
2023-07-03 02:47:17.683 | ERROR    | app.main:draw_map:307 - 1 The number of dates is incorrect
2023-07-03 02:47:17.705 | ERROR    | app.main:draw_distance_time:339 - 1 You need the same number of elements in velocity, start and style
2023-07-03 02:47:36.870 | ERROR    | app.main:draw_distance_time:344 - 1 There is no such line style
2023-07-03 02:50:12.268 | ERROR    | app.main:checking_ranges:132 - 1 The number of elements in the color scale is not equal to two
2023-07-03 02:50:14.293 | ERROR    | app.database.crud:get_data_about_file:162 - 1 This file has not been uploaded
2023-07-03 02:50:14.295 | ERROR    | app.main:data_for_drawing_maps:87 - 1 This file has not been uploaded
2023-07-03 02:50:14.310 | ERROR    | app.main:data_for_drawing_maps:90 - 1 These files are of the same type
2023-07-03 02:50:14.326 | ERROR    | app.main:data_for_drawing_maps:100 - 1 These files must contain different data about the epicenter
2023-07-03 02:50:14.342 | ERROR    | app.main:data_for_drawing_maps:111 - 1 Incorrect number of elements in the color range
2023-07-03 02:50:16.721 | ERROR    | app.main:draw_map:307 - 1 The number of dates is incorrect
2023-07-03 02:50:16.744 | ERROR    | app.main:draw_distance_time:339 - 1 You need the same number of elements in velocity, start and style
2023-07-03 02:50:32.539 | ERROR    | app.main:draw_distance_time:344 - 1 There is no such line style
2023-07-03 02:51:37.381 | ERROR    | app.main:checking_ranges:132 - 1 The number of elements in the color scale is not equal to two
2023-07-03 02:51:39.445 | ERROR    | app.database.crud:get_data_about_file:162 - 1 This file has not been uploaded
2023-07-03 02:51:39.447 | ERROR    | app.main:data_for_drawing_maps:87 - 1 This file has not been uploaded
2023-07-03 02:51:39.462 | ERROR    | app.main:data_for_drawing_maps:90 - 1 These files are of the same type
2023-07-03 02:51:39.477 | ERROR    | app.main:data_for_drawing_maps:100 - 1 These files must contain different data about the epicenter
2023-07-03 02:51:39.493 | ERROR    | app.main:data_for_drawing_maps:111 - 1 Incorrect number of elements in the color range
2023-07-03 02:51:41.910 | ERROR    | app.main:draw_map:307 - 1 The number of dates is incorrect
2023-07-03 02:51:41.926 | ERROR    | app.main:draw_distance_time:339 - 1 You need the same number of elements in velocity, start and style
2023-07-03 02:51:57.955 | ERROR    | app.main:draw_distance_time:344 - 1 There is no such line style
2023-07-03 02:58:30.432 | ERROR    | app.main:checking_ranges:132 - 1 The number of elements in the color scale is not equal to two
2023-07-03 02:58:32.289 | ERROR    | app.database.crud:get_data_about_file:162 - 1 This file has not been uploaded
2023-07-03 02:58:32.291 | ERROR    | app.main:data_for_drawing_maps:87 - 1 This file has not been uploaded
2023-07-03 02:58:32.303 | ERROR    | app.main:data_for_drawing_maps:90 - 1 These files are of the same type
2023-07-03 02:58:32.315 | ERROR    | app.main:data_for_drawing_maps:100 - 1 These files must contain different data about the epicenter
2023-07-03 02:58:32.328 | ERROR    | app.main:data_for_drawing_maps:111 - 1 Incorrect number of elements in the color range
2023-07-03 02:58:34.599 | ERROR    | app.main:draw_map:307 - 1 The number of dates is incorrect
2023-07-03 02:58:34.622 | ERROR    | app.main:draw_distance_time:339 - 1 You need the same number of elements in velocity, start and style
2023-07-03 02:58:49.006 | ERROR    | app.main:draw_distance_time:344 - 1 There is no such line style
2023-07-03 02:58:49.021 | ERROR    | app.database.crud:get_data_about_file:162 - 1 This file has not been uploaded
2023-07-03 02:58:49.023 | ERROR    | app.main:draw_support_plot:377 - 1 This file has not been uploaded
2023-07-03 03:00:13.015 | ERROR    | app.main:checking_ranges:132 - 1 The number of elements in the color scale is not equal to two
2023-07-03 03:00:14.670 | ERROR    | app.database.crud:get_data_about_file:162 - 1 This file has not been uploaded
2023-07-03 03:00:14.672 | ERROR    | app.main:data_for_drawing_maps:87 - 1 This file has not been uploaded
2023-07-03 03:00:14.683 | ERROR    | app.main:data_for_drawing_maps:90 - 1 These files are of the same type
2023-07-03 03:00:14.695 | ERROR    | app.main:data_for_drawing_maps:100 - 1 These files must contain different data about the epicenter
2023-07-03 03:00:14.708 | ERROR    | app.main:data_for_drawing_maps:111 - 1 Incorrect number of elements in the color range
2023-07-03 03:00:16.793 | ERROR    | app.main:draw_map:307 - 1 The number of dates is incorrect
2023-07-03 03:00:16.809 | ERROR    | app.main:draw_distance_time:339 - 1 You need the same number of elements in velocity, start and style
2023-07-03 03:00:30.853 | ERROR    | app.main:draw_distance_time:344 - 1 There is no such line style
2023-07-03 03:00:30.866 | ERROR    | app.database.crud:get_data_about_file:162 - 1 This file has not been uploaded
2023-07-03 03:00:30.868 | ERROR    | app.main:draw_support_plot:377 - 1 This file has not been uploaded
2023-07-03 03:02:42.485 | ERROR    | app.main:checking_ranges:132 - 1 The number of elements in the color scale is not equal to two
2023-07-03 03:02:44.476 | ERROR    | app.database.crud:get_data_about_file:162 - 1 This file has not been uploaded
2023-07-03 03:02:44.478 | ERROR    | app.main:data_for_drawing_maps:87 - 1 This file has not been uploaded
2023-07-03 03:02:44.490 | ERROR    | app.main:data_for_drawing_maps:90 - 1 These files are of the same type
2023-07-03 03:02:44.503 | ERROR    | app.main:data_for_drawing_maps:100 - 1 These files must contain different data about the epicenter
2023-07-03 03:02:44.516 | ERROR    | app.main:data_for_drawing_maps:111 - 1 Incorrect number of elements in the color range
2023-07-03 03:02:46.946 | ERROR    | app.main:draw_map:307 - 1 The number of dates is incorrect
2023-07-03 03:02:46.961 | ERROR    | app.main:draw_distance_time:339 - 1 You need the same number of elements in velocity, start and style
2023-07-03 03:03:05.716 | ERROR    | app.main:draw_distance_time:344 - 1 There is no such line style
2023-07-03 03:03:05.734 | ERROR    | app.database.crud:get_data_about_file:162 - 1 This file has not been uploaded
2023-07-03 03:03:05.737 | ERROR    | app.main:draw_support_plot:377 - 1 This file has not been uploaded
2023-07-03 03:11:14.241 | ERROR    | app.main:checking_ranges:132 - 1 The number of elements in the color scale is not equal to two
2023-07-03 03:11:15.896 | ERROR    | app.database.crud:get_data_about_file:162 - 1 This file has not been uploaded
2023-07-03 03:11:15.898 | ERROR    | app.main:data_for_drawing_maps:87 - 1 This file has not been uploaded
2023-07-03 03:11:15.910 | ERROR    | app.main:data_for_drawing_maps:90 - 1 These files are of the same type
2023-07-03 03:11:15.922 | ERROR    | app.main:data_for_drawing_maps:100 - 1 These files must contain different data about the epicenter
2023-07-03 03:11:15.935 | ERROR    | app.main:data_for_drawing_maps:111 - 1 Incorrect number of elements in the color range
2023-07-03 03:11:18.059 | ERROR    | app.main:draw_map:307 - 1 The number of dates is incorrect
2023-07-03 03:11:18.073 | ERROR    | app.main:draw_distance_time:339 - 1 You need the same number of elements in velocity, start and style
2023-07-03 03:11:18.084 | ERROR    | app.main:draw_distance_time:344 - 1 There is no such line style
2023-07-03 03:11:18.424 | ERROR    | app.database.crud:get_data_about_file:162 - 1 This file has not been uploaded
2023-07-03 03:11:18.425 | ERROR    | app.main:draw_support_plot:377 - 1 This file has not been uploaded
2023-07-03 03:12:43.306 | ERROR    | app.main:checking_ranges:132 - 1 The number of elements in the color scale is not equal to two
2023-07-03 03:12:44.973 | ERROR    | app.database.crud:get_data_about_file:162 - 1 This file has not been uploaded
2023-07-03 03:12:44.974 | ERROR    | app.main:data_for_drawing_maps:87 - 1 This file has not been uploaded
2023-07-03 03:12:44.987 | ERROR    | app.main:data_for_drawing_maps:90 - 1 These files are of the same type
2023-07-03 03:12:44.998 | ERROR    | app.main:data_for_drawing_maps:100 - 1 These files must contain different data about the epicenter
2023-07-03 03:12:45.012 | ERROR    | app.main:data_for_drawing_maps:111 - 1 Incorrect number of elements in the color range
2023-07-03 03:12:47.099 | ERROR    | app.main:draw_map:307 - 1 The number of dates is incorrect
2023-07-03 03:12:47.115 | ERROR    | app.main:draw_distance_time:339 - 1 You need the same number of elements in velocity, start and style
2023-07-03 03:12:47.125 | ERROR    | app.main:draw_distance_time:344 - 1 There is no such line style
2023-07-03 03:12:47.137 | ERROR    | app.database.crud:get_data_about_file:162 - 1 This file has not been uploaded
2023-07-03 03:12:47.139 | ERROR    | app.main:data_for_distance_time:162 - 1 This file has not been uploaded
2023-07-03 03:12:47.150 | ERROR    | app.main:data_for_distance_time:168 - 1 This direction does not exist
2023-07-03 03:12:47.162 | ERROR    | app.main:data_for_distance_time:172 - 1 Incorrect number of elements in the color range
2023-07-03 03:13:01.428 | ERROR    | app.database.crud:get_data_about_file:162 - 1 This file has not been uploaded
2023-07-03 03:13:01.429 | ERROR    | app.main:draw_support_plot:377 - 1 This file has not been uploaded
2023-07-03 03:51:22.648 | ERROR    | app.main:checking_ranges:132 - 1 The number of elements in the color scale is not equal to two
2023-07-03 03:51:24.873 | ERROR    | app.database.crud:get_data_about_file:162 - 1 This file has not been uploaded
2023-07-03 03:51:24.875 | ERROR    | app.main:data_for_drawing_maps:87 - 1 This file has not been uploaded
2023-07-03 03:51:24.890 | ERROR    | app.main:data_for_drawing_maps:90 - 1 These files are of the same type
2023-07-03 03:51:24.905 | ERROR    | app.main:data_for_drawing_maps:100 - 1 These files must contain different data about the epicenter
2023-07-03 03:51:24.921 | ERROR    | app.main:data_for_drawing_maps:111 - 1 Incorrect number of elements in the color range
2023-07-03 03:51:27.842 | ERROR    | app.main:draw_map:307 - 1 The number of dates is incorrect
2023-07-03 03:51:27.857 | ERROR    | app.main:draw_distance_time:339 - 1 You need the same number of elements in velocity, start and style
2023-07-03 03:51:27.867 | ERROR    | app.main:draw_distance_time:344 - 1 There is no such line style
2023-07-03 03:51:27.879 | ERROR    | app.database.crud:get_data_about_file:162 - 1 This file has not been uploaded
2023-07-03 03:51:27.881 | ERROR    | app.main:data_for_distance_time:162 - 1 This file has not been uploaded
2023-07-03 03:51:27.893 | ERROR    | app.main:data_for_distance_time:168 - 1 This direction does not exist
2023-07-03 03:51:27.905 | ERROR    | app.main:data_for_distance_time:172 - 1 Incorrect number of elements in the color range
2023-07-03 03:51:43.649 | ERROR    | app.database.crud:get_data_about_file:162 - 1 This file has not been uploaded
2023-07-03 03:51:43.651 | ERROR    | app.main:draw_support_plot:377 - 1 This file has not been uploaded
2023-07-03 03:52:17.102 | ERROR    | app.main:checking_ranges:132 - 1 The number of elements in the color scale is not equal to two
2023-07-03 03:52:18.969 | ERROR    | app.database.crud:get_data_about_file:162 - 1 This file has not been uploaded
2023-07-03 03:52:18.971 | ERROR    | app.main:data_for_drawing_maps:87 - 1 This file has not been uploaded
2023-07-03 03:52:18.984 | ERROR    | app.main:data_for_drawing_maps:90 - 1 These files are of the same type
2023-07-03 03:52:18.998 | ERROR    | app.main:data_for_drawing_maps:100 - 1 These files must contain different data about the epicenter
2023-07-03 03:52:19.013 | ERROR    | app.main:data_for_drawing_maps:111 - 1 Incorrect number of elements in the color range
2023-07-03 03:52:21.519 | ERROR    | app.main:draw_map:307 - 1 The number of dates is incorrect
2023-07-03 03:52:21.535 | ERROR    | app.main:draw_distance_time:339 - 1 You need the same number of elements in velocity, start and style
2023-07-03 03:52:21.546 | ERROR    | app.main:draw_distance_time:344 - 1 There is no such line style
2023-07-03 03:52:21.558 | ERROR    | app.database.crud:get_data_about_file:162 - 1 This file has not been uploaded
2023-07-03 03:52:21.560 | ERROR    | app.main:data_for_distance_time:162 - 1 This file has not been uploaded
2023-07-03 03:52:21.572 | ERROR    | app.main:data_for_distance_time:168 - 1 This direction does not exist
2023-07-03 03:52:21.584 | ERROR    | app.main:data_for_distance_time:172 - 1 Incorrect number of elements in the color range
2023-07-03 03:52:37.901 | ERROR    | app.database.crud:get_data_about_file:162 - 1 This file has not been uploaded
2023-07-03 03:52:37.902 | ERROR    | app.main:draw_support_plot:377 - 1 This file has not been uploaded
2023-07-03 04:09:24.921 | ERROR    | app.main:checking_ranges:132 - 1 The number of elements in the color scale is not equal to two
2023-07-03 04:09:27.192 | ERROR    | app.database.crud:get_data_about_file:162 - 1 This file has not been uploaded
2023-07-03 04:09:27.193 | ERROR    | app.main:data_for_drawing_maps:87 - 1 This file has not been uploaded
2023-07-03 04:09:27.210 | ERROR    | app.main:data_for_drawing_maps:90 - 1 These files are of the same type
2023-07-03 04:09:27.226 | ERROR    | app.main:data_for_drawing_maps:100 - 1 These files must contain different data about the epicenter
2023-07-03 04:09:27.244 | ERROR    | app.main:data_for_drawing_maps:111 - 1 Incorrect number of elements in the color range
2023-07-03 04:09:30.946 | ERROR    | app.main:draw_map:307 - 1 The number of dates is incorrect
2023-07-03 04:09:30.967 | ERROR    | app.main:draw_distance_time:339 - 1 You need the same number of elements in velocity, start and style
2023-07-03 04:09:30.980 | ERROR    | app.main:draw_distance_time:344 - 1 There is no such line style
2023-07-03 04:09:30.994 | ERROR    | app.database.crud:get_data_about_file:162 - 1 This file has not been uploaded
2023-07-03 04:09:30.995 | ERROR    | app.main:data_for_distance_time:162 - 1 This file has not been uploaded
2023-07-03 04:09:31.009 | ERROR    | app.main:data_for_distance_time:168 - 1 This direction does not exist
2023-07-03 04:09:31.024 | ERROR    | app.main:data_for_distance_time:172 - 1 Incorrect number of elements in the color range
2023-07-03 04:09:47.536 | ERROR    | app.database.crud:get_data_about_file:162 - 1 This file has not been uploaded
2023-07-03 04:09:47.537 | ERROR    | app.main:draw_support_plot:377 - 1 This file has not been uploaded
2023-07-03 04:25:16.423 | ERROR    | app.main:checking_ranges:132 - 1 The number of elements in the color scale is not equal to two
2023-07-03 04:25:33.766 | ERROR    | app.main:checking_ranges:132 - 1 The number of elements in the color scale is not equal to two
2023-07-03 04:25:35.625 | ERROR    | app.database.crud:get_data_about_file:162 - 1 This file has not been uploaded
2023-07-03 04:25:35.626 | ERROR    | app.main:data_for_drawing_maps:87 - 1 This file has not been uploaded
2023-07-03 04:25:35.638 | ERROR    | app.main:data_for_drawing_maps:90 - 1 These files are of the same type
2023-07-03 04:25:35.649 | ERROR    | app.main:data_for_drawing_maps:100 - 1 These files must contain different data about the epicenter
2023-07-03 04:25:35.661 | ERROR    | app.main:data_for_drawing_maps:111 - 1 Incorrect number of elements in the color range
2023-07-03 04:25:38.068 | ERROR    | app.main:draw_map:307 - 1 The number of dates is incorrect
2023-07-03 04:25:38.081 | ERROR    | app.main:draw_distance_time:339 - 1 You need the same number of elements in velocity, start and style
2023-07-03 04:25:38.093 | ERROR    | app.main:draw_distance_time:344 - 1 There is no such line style
2023-07-03 04:25:38.103 | ERROR    | app.database.crud:get_data_about_file:162 - 1 This file has not been uploaded
2023-07-03 04:25:38.104 | ERROR    | app.main:data_for_distance_time:162 - 1 This file has not been uploaded
2023-07-03 04:25:38.116 | ERROR    | app.main:data_for_distance_time:168 - 1 This direction does not exist
2023-07-03 04:25:38.128 | ERROR    | app.main:data_for_distance_time:172 - 1 Incorrect number of elements in the color range
2023-07-03 04:25:55.561 | ERROR    | app.database.crud:get_data_about_file:162 - 1 This file has not been uploaded
2023-07-03 04:25:55.561 | ERROR    | app.main:draw_support_plot:377 - 1 This file has not been uploaded
2023-07-03 04:26:44.392 | ERROR    | app.main:checking_ranges:132 - 1 The number of elements in the color scale is not equal to two
2023-07-03 04:26:46.348 | ERROR    | app.database.crud:get_data_about_file:162 - 1 This file has not been uploaded
2023-07-03 04:26:46.349 | ERROR    | app.main:data_for_drawing_maps:87 - 1 This file has not been uploaded
2023-07-03 04:26:46.365 | ERROR    | app.main:data_for_drawing_maps:90 - 1 These files are of the same type
2023-07-03 04:26:46.380 | ERROR    | app.main:data_for_drawing_maps:100 - 1 These files must contain different data about the epicenter
2023-07-03 04:26:46.396 | ERROR    | app.main:data_for_drawing_maps:111 - 1 Incorrect number of elements in the color range
2023-07-03 04:26:48.875 | ERROR    | app.main:draw_map:307 - 1 The number of dates is incorrect
2023-07-03 04:26:48.889 | ERROR    | app.main:draw_distance_time:339 - 1 You need the same number of elements in velocity, start and style
2023-07-03 04:26:48.900 | ERROR    | app.main:draw_distance_time:344 - 1 There is no such line style
2023-07-03 04:26:48.912 | ERROR    | app.database.crud:get_data_about_file:162 - 1 This file has not been uploaded
2023-07-03 04:26:48.912 | ERROR    | app.main:data_for_distance_time:162 - 1 This file has not been uploaded
2023-07-03 04:26:48.924 | ERROR    | app.main:data_for_distance_time:168 - 1 This direction does not exist
2023-07-03 04:26:48.936 | ERROR    | app.main:data_for_distance_time:172 - 1 Incorrect number of elements in the color range
2023-07-03 04:27:07.660 | ERROR    | app.database.crud:get_data_about_file:162 - 1 This file has not been uploaded
2023-07-03 04:27:07.661 | ERROR    | app.main:draw_support_plot:377 - 1 This file has not been uploaded
2023-07-03 04:29:42.281 | ERROR    | app.main:checking_ranges:132 - 1 The number of elements in the color scale is not equal to two
2023-07-03 04:29:44.330 | ERROR    | app.database.crud:get_data_about_file:162 - 1 This file has not been uploaded
2023-07-03 04:29:44.331 | ERROR    | app.main:data_for_drawing_maps:87 - 1 This file has not been uploaded
2023-07-03 04:29:44.347 | ERROR    | app.main:data_for_drawing_maps:90 - 1 These files are of the same type
2023-07-03 04:29:44.362 | ERROR    | app.main:data_for_drawing_maps:100 - 1 These files must contain different data about the epicenter
2023-07-03 04:29:44.378 | ERROR    | app.main:data_for_drawing_maps:111 - 1 Incorrect number of elements in the color range
2023-07-03 04:29:46.913 | ERROR    | app.main:draw_map:307 - 1 The number of dates is incorrect
2023-07-03 04:29:46.928 | ERROR    | app.main:draw_distance_time:339 - 1 You need the same number of elements in velocity, start and style
2023-07-03 04:29:46.938 | ERROR    | app.main:draw_distance_time:344 - 1 There is no such line style
2023-07-03 04:29:46.948 | ERROR    | app.database.crud:get_data_about_file:162 - 1 This file has not been uploaded
2023-07-03 04:29:46.949 | ERROR    | app.main:data_for_distance_time:162 - 1 This file has not been uploaded
2023-07-03 04:29:46.960 | ERROR    | app.main:data_for_distance_time:168 - 1 This direction does not exist
2023-07-03 04:29:46.972 | ERROR    | app.main:data_for_distance_time:172 - 1 Incorrect number of elements in the color range
2023-07-03 04:30:03.314 | ERROR    | app.database.crud:get_data_about_file:162 - 1 This file has not been uploaded
2023-07-03 04:30:03.315 | ERROR    | app.main:draw_support_plot:377 - 1 This file has not been uploaded
2023-07-03 04:30:55.058 | ERROR    | app.main:checking_ranges:132 - 1 The number of elements in the color scale is not equal to two
2023-07-03 04:30:57.652 | ERROR    | app.database.crud:get_data_about_file:162 - 1 This file has not been uploaded
2023-07-03 04:30:57.653 | ERROR    | app.main:data_for_drawing_maps:87 - 1 This file has not been uploaded
2023-07-03 04:30:57.666 | ERROR    | app.main:data_for_drawing_maps:90 - 1 These files are of the same type
2023-07-03 04:30:57.678 | ERROR    | app.main:data_for_drawing_maps:100 - 1 These files must contain different data about the epicenter
2023-07-03 04:30:57.692 | ERROR    | app.main:data_for_drawing_maps:111 - 1 Incorrect number of elements in the color range
2023-07-03 04:30:59.991 | ERROR    | app.main:draw_map:307 - 1 The number of dates is incorrect
2023-07-03 04:31:00.005 | ERROR    | app.main:draw_distance_time:339 - 1 You need the same number of elements in velocity, start and style
2023-07-03 04:31:00.015 | ERROR    | app.main:draw_distance_time:344 - 1 There is no such line style
2023-07-03 04:31:00.026 | ERROR    | app.database.crud:get_data_about_file:162 - 1 This file has not been uploaded
2023-07-03 04:31:00.027 | ERROR    | app.main:data_for_distance_time:162 - 1 This file has not been uploaded
2023-07-03 04:31:00.039 | ERROR    | app.main:data_for_distance_time:168 - 1 This direction does not exist
2023-07-03 04:31:00.050 | ERROR    | app.main:data_for_distance_time:172 - 1 Incorrect number of elements in the color range
2023-07-03 04:31:15.926 | ERROR    | app.database.crud:get_data_about_file:162 - 1 This file has not been uploaded
2023-07-03 04:31:15.926 | ERROR    | app.main:draw_support_plot:377 - 1 This file has not been uploaded
2023-07-03 04:32:09.567 | ERROR    | app.main:checking_ranges:132 - 1 The number of elements in the color scale is not equal to two
2023-07-03 04:32:11.503 | ERROR    | app.database.crud:get_data_about_file:162 - 1 This file has not been uploaded
2023-07-03 04:32:11.503 | ERROR    | app.main:data_for_drawing_maps:87 - 1 This file has not been uploaded
2023-07-03 04:32:11.516 | ERROR    | app.main:data_for_drawing_maps:90 - 1 These files are of the same type
2023-07-03 04:32:11.527 | ERROR    | app.main:data_for_drawing_maps:100 - 1 These files must contain different data about the epicenter
2023-07-03 04:32:11.540 | ERROR    | app.main:data_for_drawing_maps:111 - 1 Incorrect number of elements in the color range
2023-07-03 04:32:13.886 | ERROR    | app.main:draw_map:307 - 1 The number of dates is incorrect
2023-07-03 04:32:13.899 | ERROR    | app.main:draw_distance_time:339 - 1 You need the same number of elements in velocity, start and style
2023-07-03 04:32:13.909 | ERROR    | app.main:draw_distance_time:344 - 1 There is no such line style
2023-07-03 04:32:13.920 | ERROR    | app.database.crud:get_data_about_file:162 - 1 This file has not been uploaded
2023-07-03 04:32:13.920 | ERROR    | app.main:data_for_distance_time:162 - 1 This file has not been uploaded
2023-07-03 04:32:13.932 | ERROR    | app.main:data_for_distance_time:168 - 1 This direction does not exist
2023-07-03 04:32:13.942 | ERROR    | app.main:data_for_distance_time:172 - 1 Incorrect number of elements in the color range
2023-07-03 04:32:29.222 | ERROR    | app.database.crud:get_data_about_file:162 - 1 This file has not been uploaded
2023-07-03 04:32:29.223 | ERROR    | app.main:draw_support_plot:377 - 1 This file has not been uploaded
2023-07-03 05:20:44.423 | ERROR    | app.main:checking_ranges:132 - 1 The number of elements in the color scale is not equal to two
2023-07-03 05:20:46.248 | ERROR    | app.database.crud:get_data_about_file:162 - 1 This file has not been uploaded
2023-07-03 05:20:46.248 | ERROR    | app.main:data_for_drawing_maps:87 - 1 This file has not been uploaded
2023-07-03 05:20:46.260 | ERROR    | app.main:data_for_drawing_maps:90 - 1 These files are of the same type
2023-07-03 05:20:46.271 | ERROR    | app.main:data_for_drawing_maps:100 - 1 These files must contain different data about the epicenter
2023-07-03 05:20:46.284 | ERROR    | app.main:data_for_drawing_maps:111 - 1 Incorrect number of elements in the color range
2023-07-03 05:20:48.465 | ERROR    | app.main:draw_map:307 - 1 The number of dates is incorrect
2023-07-03 05:20:48.478 | ERROR    | app.main:draw_distance_time:339 - 1 You need the same number of elements in velocity, start and style
2023-07-03 05:20:48.487 | ERROR    | app.main:draw_distance_time:344 - 1 There is no such line style
2023-07-03 05:20:48.498 | ERROR    | app.database.crud:get_data_about_file:162 - 1 This file has not been uploaded
2023-07-03 05:20:48.499 | ERROR    | app.main:data_for_distance_time:162 - 1 This file has not been uploaded
2023-07-03 05:20:48.509 | ERROR    | app.main:data_for_distance_time:168 - 1 This direction does not exist
2023-07-03 05:20:48.520 | ERROR    | app.main:data_for_distance_time:172 - 1 Incorrect number of elements in the color range
2023-07-03 05:21:03.251 | ERROR    | app.database.crud:get_data_about_file:162 - 1 This file has not been uploaded
2023-07-03 05:21:03.252 | ERROR    | app.main:draw_support_plot:377 - 1 This file has not been uploaded
2023-07-03 05:24:53.185 | ERROR    | app.main:checking_ranges:132 - 1 The number of elements in the color scale is not equal to two
2023-07-03 05:24:54.980 | ERROR    | app.database.crud:get_data_about_file:162 - 1 This file has not been uploaded
2023-07-03 05:24:54.981 | ERROR    | app.main:data_for_drawing_maps:87 - 1 This file has not been uploaded
2023-07-03 05:24:54.991 | ERROR    | app.main:data_for_drawing_maps:90 - 1 These files are of the same type
2023-07-03 05:24:55.003 | ERROR    | app.main:data_for_drawing_maps:100 - 1 These files must contain different data about the epicenter
2023-07-03 05:24:55.015 | ERROR    | app.main:data_for_drawing_maps:111 - 1 Incorrect number of elements in the color range
2023-07-03 05:24:57.203 | ERROR    | app.main:draw_map:307 - 1 The number of dates is incorrect
2023-07-03 05:24:57.216 | ERROR    | app.main:draw_distance_time:339 - 1 You need the same number of elements in velocity, start and style
2023-07-03 05:24:57.225 | ERROR    | app.main:draw_distance_time:344 - 1 There is no such line style
2023-07-03 05:24:57.236 | ERROR    | app.database.crud:get_data_about_file:162 - 1 This file has not been uploaded
2023-07-03 05:24:57.236 | ERROR    | app.main:data_for_distance_time:162 - 1 This file has not been uploaded
2023-07-03 05:24:57.246 | ERROR    | app.main:data_for_distance_time:168 - 1 This direction does not exist
2023-07-03 05:24:57.257 | ERROR    | app.main:data_for_distance_time:172 - 1 Incorrect number of elements in the color range
2023-07-03 05:25:11.699 | ERROR    | app.database.crud:get_data_about_file:162 - 1 This file has not been uploaded
2023-07-03 05:25:11.699 | ERROR    | app.main:draw_support_plot:377 - 1 This file has not been uploaded
